[01m[K/home/luthov/F1Tenth/test_ws/src/marker_node/src/marker_node.cpp:53:38:[m[K [01;31m[Kerror: [m[Kâ€˜[01m[KString[m[Kâ€™ is not a member of â€˜[01m[Kstd_msgs::msg[m[Kâ€™
   53 |     rclcpp::Publisher<std_msgs::msg::[01;31m[KString[m[K>::SharedPtr publisher_;
      |                                      [01;31m[K^~~~~~[m[K
[01m[K/home/luthov/F1Tenth/test_ws/src/marker_node/src/marker_node.cpp:53:38:[m[K [01;31m[Kerror: [m[Kâ€˜[01m[KString[m[Kâ€™ is not a member of â€˜[01m[Kstd_msgs::msg[m[Kâ€™
[01m[K/home/luthov/F1Tenth/test_ws/src/marker_node/src/marker_node.cpp:53:44:[m[K [01;31m[Kerror: [m[Ktemplate argument 1 is invalid
   53 |     rclcpp::Publisher<std_msgs::msg::String[01;31m[K>[m[K::SharedPtr publisher_;
      |                                            [01;31m[K^[m[K
[01m[K/home/luthov/F1Tenth/test_ws/src/marker_node/src/marker_node.cpp:53:47:[m[K [01;31m[Kerror: [m[Kexpected â€˜[01m[K;[m[Kâ€™ at end of member declaration
   53 |     rclcpp::Publisher<std_msgs::msg::String>::[01;31m[KSharedPtr[m[K publisher_;
      |                                               [01;31m[K^~~~~~~~~[m[K
      |                                                        [32m[K;[m[K
[01m[K/home/luthov/F1Tenth/test_ws/src/marker_node/src/marker_node.cpp:53:57:[m[K [01;31m[Kerror: [m[Kâ€˜[01m[Kpublisher_[m[Kâ€™ does not name a type; did you mean â€˜[01m[Krcl_publisher_t[m[Kâ€™?
   53 |     rclcpp::Publisher<std_msgs::msg::String>::SharedPtr [01;31m[Kpublisher_[m[K;
      |                                                         [01;31m[K^~~~~~~~~~[m[K
      |                                                         [32m[Krcl_publisher_t[m[K
[01m[K/home/luthov/F1Tenth/test_ws/src/marker_node/src/marker_node.cpp:[m[K In constructor â€˜[01m[KMarkerPublisher::MarkerPublisher()[m[Kâ€™:
[01m[K/home/luthov/F1Tenth/test_ws/src/marker_node/src/marker_node.cpp:20:7:[m[K [01;31m[Kerror: [m[Kâ€˜[01m[Kpublisher_[m[Kâ€™ was not declared in this scope; did you mean â€˜[01m[Krcl_publisher_t[m[Kâ€™?
   20 |       [01;31m[Kpublisher_[m[K = this->create_publisher<visualization_msgs::msg::Marker>("visualization_marker", 10);
      |       [01;31m[K^~~~~~~~~~[m[K
      |       [32m[Krcl_publisher_t[m[K
[01m[K/home/luthov/F1Tenth/test_ws/src/marker_node/src/marker_node.cpp:[m[K In member function â€˜[01m[Kvoid MarkerPublisher::timer_callback()[m[Kâ€™:
[01m[K/home/luthov/F1Tenth/test_ws/src/marker_node/src/marker_node.cpp:33:41:[m[K [01;31m[Kerror: [m[Kâ€˜[01m[Kvisualization_msgs::Marker[m[Kâ€™ has not been declared
   33 |       marker.type = visualization_msgs::[01;31m[KMarker[m[K::SPHERE;
      |                                         [01;31m[K^~~~~~[m[K
[01m[K/home/luthov/F1Tenth/test_ws/src/marker_node/src/marker_node.cpp:34:43:[m[K [01;31m[Kerror: [m[Kâ€˜[01m[Kvisualization_msgs::Marker[m[Kâ€™ has not been declared
   34 |       marker.action = visualization_msgs::[01;31m[KMarker[m[K::ADD;
      |                                           [01;31m[K^~~~~~[m[K
[01m[K/home/luthov/F1Tenth/test_ws/src/marker_node/src/marker_node.cpp:50:7:[m[K [01;31m[Kerror: [m[Kâ€˜[01m[Kpublisher_[m[Kâ€™ was not declared in this scope; did you mean â€˜[01m[Krcl_publisher_t[m[Kâ€™?
   50 |       [01;31m[Kpublisher_[m[K->publish(marker);
      |       [01;31m[K^~~~~~~~~~[m[K
      |       [32m[Krcl_publisher_t[m[K
make[2]: *** [CMakeFiles/marker_node.dir/build.make:63: CMakeFiles/marker_node.dir/src/marker_node.cpp.o] Error 1
make[1]: *** [CMakeFiles/Makefile2:78: CMakeFiles/marker_node.dir/all] Error 2
make: *** [Makefile:141: all] Error 2
