-- Found ament_cmake: 0.9.12 (/opt/ros/foxy/share/ament_cmake/cmake)
-- Using PYTHON_EXECUTABLE: /usr/bin/python3
-- Found rclcpp: 2.4.3 (/opt/ros/foxy/share/rclcpp/cmake)
-- Using all available rosidl_typesupport_c: rosidl_typesupport_fastrtps_c;rosidl_typesupport_introspection_c
-- Found rosidl_adapter: 1.3.1 (/opt/ros/foxy/share/rosidl_adapter/cmake)
-- Using all available rosidl_typesupport_cpp: rosidl_typesupport_fastrtps_cpp;rosidl_typesupport_introspection_cpp
-- Found rmw_implementation_cmake: 1.0.4 (/opt/ros/foxy/share/rmw_implementation_cmake/cmake)
-- Using RMW implementation 'rmw_fastrtps_cpp' as default
-- Found visualization_msgs: 2.0.5 (/opt/ros/foxy/share/visualization_msgs/cmake)
-- Found ament_lint_auto: 0.9.8 (/opt/ros/foxy/share/ament_lint_auto/cmake)
-- Added test 'copyright' to check source files copyright and LICENSE
-- Added test 'cppcheck' to perform static code analysis on C / C++ code
-- Configured cppcheck include dirs: $<BUILD_INTERFACE:/home/luthov/F1Tenth/test_ws/src/marker_node/include>
-- Configured cppcheck exclude dirs and/or files: 
-- Added test 'cpplint' to check C / C++ code against the Google style
-- Configured cpplint exclude dirs and/or files: 
-- Added test 'lint_cmake' to check CMake code style
-- Added test 'uncrustify' to check C / C++ code style
-- Configured uncrustify additional arguments: 
-- Added test 'xmllint' to check XML markup files
-- Configuring done
-- Generating done
-- Build files have been written to: /home/luthov/F1Tenth/test_ws/build/marker_node
[35m[1mScanning dependencies of target marker_node[0m
[ 50%] [32mBuilding CXX object CMakeFiles/marker_node.dir/src/marker_node.cpp.o[0m
[01m[K/home/luthov/F1Tenth/test_ws/src/marker_node/src/marker_node.cpp:53:38:[m[K [01;31m[Kerror: [m[Kâ€˜[01m[KString[m[Kâ€™ is not a member of â€˜[01m[Kstd_msgs::msg[m[Kâ€™
   53 |     rclcpp::Publisher<std_msgs::msg::[01;31m[KString[m[K>::SharedPtr publisher_;
      |                                      [01;31m[K^~~~~~[m[K
[01m[K/home/luthov/F1Tenth/test_ws/src/marker_node/src/marker_node.cpp:53:38:[m[K [01;31m[Kerror: [m[Kâ€˜[01m[KString[m[Kâ€™ is not a member of â€˜[01m[Kstd_msgs::msg[m[Kâ€™
[01m[K/home/luthov/F1Tenth/test_ws/src/marker_node/src/marker_node.cpp:53:44:[m[K [01;31m[Kerror: [m[Ktemplate argument 1 is invalid
   53 |     rclcpp::Publisher<std_msgs::msg::String[01;31m[K>[m[K::SharedPtr publisher_;
      |                                            [01;31m[K^[m[K
[01m[K/home/luthov/F1Tenth/test_ws/src/marker_node/src/marker_node.cpp:53:47:[m[K [01;31m[Kerror: [m[Kexpected â€˜[01m[K;[m[Kâ€™ at end of member declaration
   53 |     rclcpp::Publisher<std_msgs::msg::String>::[01;31m[KSharedPtr[m[K publisher_;
      |                                               [01;31m[K^~~~~~~~~[m[K
      |                                                        [32m[K;[m[K
[01m[K/home/luthov/F1Tenth/test_ws/src/marker_node/src/marker_node.cpp:53:57:[m[K [01;31m[Kerror: [m[Kâ€˜[01m[Kpublisher_[m[Kâ€™ does not name a type; did you mean â€˜[01m[Krcl_publisher_t[m[Kâ€™?
   53 |     rclcpp::Publisher<std_msgs::msg::String>::SharedPtr [01;31m[Kpublisher_[m[K;
      |                                                         [01;31m[K^~~~~~~~~~[m[K
      |                                                         [32m[Krcl_publisher_t[m[K
[01m[K/home/luthov/F1Tenth/test_ws/src/marker_node/src/marker_node.cpp:[m[K In constructor â€˜[01m[KMarkerPublisher::MarkerPublisher()[m[Kâ€™:
[01m[K/home/luthov/F1Tenth/test_ws/src/marker_node/src/marker_node.cpp:20:7:[m[K [01;31m[Kerror: [m[Kâ€˜[01m[Kpublisher_[m[Kâ€™ was not declared in this scope; did you mean â€˜[01m[Krcl_publisher_t[m[Kâ€™?
   20 |       [01;31m[Kpublisher_[m[K = this->create_publisher<visualization_msgs::msg::Marker>("visualization_marker", 10);
      |       [01;31m[K^~~~~~~~~~[m[K
      |       [32m[Krcl_publisher_t[m[K
[01m[K/home/luthov/F1Tenth/test_ws/src/marker_node/src/marker_node.cpp:[m[K In member function â€˜[01m[Kvoid MarkerPublisher::timer_callback()[m[Kâ€™:
[01m[K/home/luthov/F1Tenth/test_ws/src/marker_node/src/marker_node.cpp:33:41:[m[K [01;31m[Kerror: [m[Kâ€˜[01m[Kvisualization_msgs::Marker[m[Kâ€™ has not been declared
   33 |       marker.type = visualization_msgs::[01;31m[KMarker[m[K::SPHERE;
      |                                         [01;31m[K^~~~~~[m[K
[01m[K/home/luthov/F1Tenth/test_ws/src/marker_node/src/marker_node.cpp:34:43:[m[K [01;31m[Kerror: [m[Kâ€˜[01m[Kvisualization_msgs::Marker[m[Kâ€™ has not been declared
   34 |       marker.action = visualization_msgs::[01;31m[KMarker[m[K::ADD;
      |                                           [01;31m[K^~~~~~[m[K
[01m[K/home/luthov/F1Tenth/test_ws/src/marker_node/src/marker_node.cpp:50:7:[m[K [01;31m[Kerror: [m[Kâ€˜[01m[Kpublisher_[m[Kâ€™ was not declared in this scope; did you mean â€˜[01m[Krcl_publisher_t[m[Kâ€™?
   50 |       [01;31m[Kpublisher_[m[K->publish(marker);
      |       [01;31m[K^~~~~~~~~~[m[K
      |       [32m[Krcl_publisher_t[m[K
make[2]: *** [CMakeFiles/marker_node.dir/build.make:63: CMakeFiles/marker_node.dir/src/marker_node.cpp.o] Error 1
make[1]: *** [CMakeFiles/Makefile2:78: CMakeFiles/marker_node.dir/all] Error 2
make: *** [Makefile:141: all] Error 2
