[0.130s] Invoking command in '/home/luthov/F1Tenth/test_ws/build/marker_node': CMAKE_PREFIX_PATH=/opt/ros/foxy /usr/bin/cmake --build /home/luthov/F1Tenth/test_ws/build/marker_node -- -j16 -l16
[0.142s] -- Found ament_cmake: 0.9.12 (/opt/ros/foxy/share/ament_cmake/cmake)
[0.154s] -- Using PYTHON_EXECUTABLE: /usr/bin/python3
[0.238s] -- Found rclcpp: 2.4.3 (/opt/ros/foxy/share/rclcpp/cmake)
[0.256s] -- Using all available rosidl_typesupport_c: rosidl_typesupport_fastrtps_c;rosidl_typesupport_introspection_c
[0.257s] -- Found rosidl_adapter: 1.3.1 (/opt/ros/foxy/share/rosidl_adapter/cmake)
[0.319s] -- Using all available rosidl_typesupport_cpp: rosidl_typesupport_fastrtps_cpp;rosidl_typesupport_introspection_cpp
[0.345s] -- Found rmw_implementation_cmake: 1.0.4 (/opt/ros/foxy/share/rmw_implementation_cmake/cmake)
[0.346s] -- Using RMW implementation 'rmw_fastrtps_cpp' as default
[0.424s] -- Found visualization_msgs: 2.0.5 (/opt/ros/foxy/share/visualization_msgs/cmake)
[0.488s] -- Found ament_lint_auto: 0.9.8 (/opt/ros/foxy/share/ament_lint_auto/cmake)
[0.520s] -- Added test 'copyright' to check source files copyright and LICENSE
[0.521s] -- Added test 'cppcheck' to perform static code analysis on C / C++ code
[0.521s] -- Configured cppcheck include dirs: $<BUILD_INTERFACE:/home/luthov/F1Tenth/test_ws/src/marker_node/include>
[0.521s] -- Configured cppcheck exclude dirs and/or files: 
[0.521s] -- Added test 'cpplint' to check C / C++ code against the Google style
[0.521s] -- Configured cpplint exclude dirs and/or files: 
[0.521s] -- Added test 'lint_cmake' to check CMake code style
[0.522s] -- Added test 'uncrustify' to check C / C++ code style
[0.522s] -- Configured uncrustify additional arguments: 
[0.522s] -- Added test 'xmllint' to check XML markup files
[0.523s] -- Configuring done
[0.527s] -- Generating done
[0.527s] -- Build files have been written to: /home/luthov/F1Tenth/test_ws/build/marker_node
[0.540s] [35m[1mScanning dependencies of target marker_node[0m
[0.667s] [ 50%] [32mBuilding CXX object CMakeFiles/marker_node.dir/src/marker_node.cpp.o[0m
[1.245s] [01m[K/home/luthov/F1Tenth/test_ws/src/marker_node/src/marker_node.cpp:53:38:[m[K [01;31m[Kerror: [m[Kâ€˜[01m[KString[m[Kâ€™ is not a member of â€˜[01m[Kstd_msgs::msg[m[Kâ€™
[1.245s]    53 |     rclcpp::Publisher<std_msgs::msg::[01;31m[KString[m[K>::SharedPtr publisher_;
[1.245s]       |                                      [01;31m[K^~~~~~[m[K
[1.245s] [01m[K/home/luthov/F1Tenth/test_ws/src/marker_node/src/marker_node.cpp:53:38:[m[K [01;31m[Kerror: [m[Kâ€˜[01m[KString[m[Kâ€™ is not a member of â€˜[01m[Kstd_msgs::msg[m[Kâ€™
[1.245s] [01m[K/home/luthov/F1Tenth/test_ws/src/marker_node/src/marker_node.cpp:53:44:[m[K [01;31m[Kerror: [m[Ktemplate argument 1 is invalid
[1.245s]    53 |     rclcpp::Publisher<std_msgs::msg::String[01;31m[K>[m[K::SharedPtr publisher_;
[1.245s]       |                                            [01;31m[K^[m[K
[1.245s] [01m[K/home/luthov/F1Tenth/test_ws/src/marker_node/src/marker_node.cpp:53:47:[m[K [01;31m[Kerror: [m[Kexpected â€˜[01m[K;[m[Kâ€™ at end of member declaration
[1.245s]    53 |     rclcpp::Publisher<std_msgs::msg::String>::[01;31m[KSharedPtr[m[K publisher_;
[1.245s]       |                                               [01;31m[K^~~~~~~~~[m[K
[1.245s]       |                                                        [32m[K;[m[K
[1.246s] [01m[K/home/luthov/F1Tenth/test_ws/src/marker_node/src/marker_node.cpp:53:57:[m[K [01;31m[Kerror: [m[Kâ€˜[01m[Kpublisher_[m[Kâ€™ does not name a type; did you mean â€˜[01m[Krcl_publisher_t[m[Kâ€™?
[1.246s]    53 |     rclcpp::Publisher<std_msgs::msg::String>::SharedPtr [01;31m[Kpublisher_[m[K;
[1.246s]       |                                                         [01;31m[K^~~~~~~~~~[m[K
[1.246s]       |                                                         [32m[Krcl_publisher_t[m[K
[1.247s] [01m[K/home/luthov/F1Tenth/test_ws/src/marker_node/src/marker_node.cpp:[m[K In constructor â€˜[01m[KMarkerPublisher::MarkerPublisher()[m[Kâ€™:
[1.247s] [01m[K/home/luthov/F1Tenth/test_ws/src/marker_node/src/marker_node.cpp:20:7:[m[K [01;31m[Kerror: [m[Kâ€˜[01m[Kpublisher_[m[Kâ€™ was not declared in this scope; did you mean â€˜[01m[Krcl_publisher_t[m[Kâ€™?
[1.247s]    20 |       [01;31m[Kpublisher_[m[K = this->create_publisher<visualization_msgs::msg::Marker>("visualization_marker", 10);
[1.247s]       |       [01;31m[K^~~~~~~~~~[m[K
[1.247s]       |       [32m[Krcl_publisher_t[m[K
[1.255s] [01m[K/home/luthov/F1Tenth/test_ws/src/marker_node/src/marker_node.cpp:[m[K In member function â€˜[01m[Kvoid MarkerPublisher::timer_callback()[m[Kâ€™:
[1.255s] [01m[K/home/luthov/F1Tenth/test_ws/src/marker_node/src/marker_node.cpp:33:41:[m[K [01;31m[Kerror: [m[Kâ€˜[01m[Kvisualization_msgs::Marker[m[Kâ€™ has not been declared
[1.255s]    33 |       marker.type = visualization_msgs::[01;31m[KMarker[m[K::SPHERE;
[1.255s]       |                                         [01;31m[K^~~~~~[m[K
[1.255s] [01m[K/home/luthov/F1Tenth/test_ws/src/marker_node/src/marker_node.cpp:34:43:[m[K [01;31m[Kerror: [m[Kâ€˜[01m[Kvisualization_msgs::Marker[m[Kâ€™ has not been declared
[1.255s]    34 |       marker.action = visualization_msgs::[01;31m[KMarker[m[K::ADD;
[1.255s]       |                                           [01;31m[K^~~~~~[m[K
[1.256s] [01m[K/home/luthov/F1Tenth/test_ws/src/marker_node/src/marker_node.cpp:50:7:[m[K [01;31m[Kerror: [m[Kâ€˜[01m[Kpublisher_[m[Kâ€™ was not declared in this scope; did you mean â€˜[01m[Krcl_publisher_t[m[Kâ€™?
[1.256s]    50 |       [01;31m[Kpublisher_[m[K->publish(marker);
[1.256s]       |       [01;31m[K^~~~~~~~~~[m[K
[1.256s]       |       [32m[Krcl_publisher_t[m[K
[1.665s] make[2]: *** [CMakeFiles/marker_node.dir/build.make:63: CMakeFiles/marker_node.dir/src/marker_node.cpp.o] Error 1
[1.665s] make[1]: *** [CMakeFiles/Makefile2:78: CMakeFiles/marker_node.dir/all] Error 2
[1.665s] make: *** [Makefile:141: all] Error 2
[1.667s] Invoked command in '/home/luthov/F1Tenth/test_ws/build/marker_node' returned '2': CMAKE_PREFIX_PATH=/opt/ros/foxy /usr/bin/cmake --build /home/luthov/F1Tenth/test_ws/build/marker_node -- -j16 -l16
