[35m[1mScanning dependencies of target marker_node[0m
[ 50%] [32mBuilding CXX object CMakeFiles/marker_node.dir/src/marker_node.cpp.o[0m
[01m[K/home/luthov/F1Tenth/test_ws/src/marker_node/src/marker_node.cpp:[m[K In member function â€˜[01m[Kvoid MarkerPublisher::timer_callback()[m[Kâ€™:
[01m[K/home/luthov/F1Tenth/test_ws/src/marker_node/src/marker_node.cpp:33:46:[m[K [01;31m[Kerror: [m[Kâ€˜[01m[KSPHERE[m[Kâ€™ is not a member of â€˜[01m[Kvisualization_msgs::msg[m[Kâ€™
   33 |       marker.type = visualization_msgs::msg::[01;31m[KSPHERE[m[K;
      |                                              [01;31m[K^~~~~~[m[K
[01m[K/home/luthov/F1Tenth/test_ws/src/marker_node/src/marker_node.cpp:34:48:[m[K [01;31m[Kerror: [m[Kâ€˜[01m[KADD[m[Kâ€™ is not a member of â€˜[01m[Kvisualization_msgs::msg[m[Kâ€™
   34 |       marker.action = visualization_msgs::msg::[01;31m[KADD[m[K;
      |                                                [01;31m[K^~~[m[K
make[2]: *** [CMakeFiles/marker_node.dir/build.make:63: CMakeFiles/marker_node.dir/src/marker_node.cpp.o] Error 1
make[1]: *** [CMakeFiles/Makefile2:78: CMakeFiles/marker_node.dir/all] Error 2
make: *** [Makefile:141: all] Error 2
